# JRE version: OpenJDK Runtime Environment 18.9 (11.0.16+8) (build 11.0.16+8)
# Java VM: OpenJDK 64-Bit Server VM 18.9 (11.0.16+8, mixed mode, tiered, compressed oops, g1 gc, windows-amd64)
Heap:
 garbage-first heap   total 227328K, used 198614K [0x0000000080000000, 0x0000000100000000)
  region size 1024K, 11 young (11264K), 2 survivors (2048K)
 Metaspace       used 119871K, capacity 125291K, committed 125496K, reserved 624640K
  class space    used 15436K, capacity 17437K, committed 17484K, reserved 516096K
GC Heap History (20 events):
Event: 173.112 GC heap after
{Heap after GC invocations=71 (full 0):
 garbage-first heap   total 227328K, used 175150K [0x0000000080000000, 0x0000000100000000)
  region size 1024K, 3 young (3072K), 3 survivors (3072K)
 Metaspace       used 117180K, capacity 122614K, committed 122680K, reserved 622592K
  class space    used 15200K, capacity 17175K, committed 17228K, reserved 516096K
}
Event: 181.213 GC heap before
{Heap before GC invocations=71 (full 0):
 garbage-first heap   total 227328K, used 195630K [0x0000000080000000, 0x0000000100000000)
  region size 1024K, 24 young (24576K), 3 survivors (3072K)
 Metaspace       used 117387K, capacity 122793K, committed 122936K, reserved 622592K
  class space    used 15204K, capacity 17177K, committed 17228K, reserved 516096K
}
Event: 181.217 GC heap after
{Heap after GC invocations=72 (full 0):
 garbage-first heap   total 227328K, used 176609K [0x0000000080000000, 0x0000000100000000)
  region size 1024K, 3 young (3072K), 3 survivors (3072K)
 Metaspace       used 117387K, capacity 122793K, committed 122936K, reserved 622592K
  class space    used 15204K, capacity 17177K, committed 17228K, reserved 516096K
}
Event: 187.276 GC heap before
{Heap before GC invocations=72 (full 0):
 garbage-first heap   total 227328K, used 197089K [0x0000000080000000, 0x0000000100000000)
  region size 1024K, 24 young (24576K), 3 survivors (3072K)
 Metaspace       used 117407K, capacity 122800K, committed 122936K, reserved 622592K
  class space    used 15204K, capacity 17177K, committed 17228K, reserved 516096K
}
Event: 187.280 GC heap after
{Heap after GC invocations=73 (full 0):
 garbage-first heap   total 227328K, used 177993K [0x0000000080000000, 0x0000000100000000)
  region size 1024K, 3 young (3072K), 3 survivors (3072K)
 Metaspace       used 117407K, capacity 122800K, committed 122936K, reserved 622592K
  class space    used 15204K, capacity 17177K, committed 17228K, reserved 516096K
}
Event: 190.367 GC heap before
{Heap before GC invocations=73 (full 0):
 garbage-first heap   total 227328K, used 196425K [0x0000000080000000, 0x0000000100000000)
  region size 1024K, 22 young (22528K), 3 survivors (3072K)
 Metaspace       used 118015K, capacity 123438K, committed 123576K, reserved 622592K
  class space    used 15275K, capacity 17271K, committed 17356K, reserved 516096K
}
Event: 190.370 GC heap after
{Heap after GC invocations=74 (full 0):
 garbage-first heap   total 227328K, used 178966K [0x0000000080000000, 0x0000000100000000)
  region size 1024K, 3 young (3072K), 3 survivors (3072K)
 Metaspace       used 118015K, capacity 123438K, committed 123576K, reserved 622592K
  class space    used 15275K, capacity 17271K, committed 17356K, reserved 516096K
}
Event: 195.576 GC heap before
{Heap before GC invocations=74 (full 0):
 garbage-first heap   total 227328K, used 197398K [0x0000000080000000, 0x0000000100000000)
  region size 1024K, 22 young (22528K), 3 survivors (3072K)
 Metaspace       used 118284K, capacity 123740K, committed 123832K, reserved 624640K
  class space    used 15298K, capacity 17290K, committed 17356K, reserved 516096K
}
Event: 195.580 GC heap after
{Heap after GC invocations=75 (full 0):
 garbage-first heap   total 227328K, used 179994K [0x0000000080000000, 0x0000000100000000)
  region size 1024K, 2 young (2048K), 2 survivors (2048K)
 Metaspace       used 118284K, capacity 123740K, committed 123832K, reserved 624640K
  class space    used 15298K, capacity 17290K, committed 17356K, reserved 516096K
}
Event: 198.085 GC heap before
{Heap before GC invocations=75 (full 0):
 garbage-first heap   total 227328K, used 198426K [0x0000000080000000, 0x0000000100000000)
  region size 1024K, 21 young (21504K), 2 survivors (2048K)
 Metaspace       used 119156K, capacity 124676K, committed 124984K, reserved 624640K
  class space    used 15401K, capacity 17403K, committed 17484K, reserved 516096K
}
Event: 198.093 GC heap after
{Heap after GC invocations=76 (full 0):
 garbage-first heap   total 227328K, used 181224K [0x0000000080000000, 0x0000000100000000)
  region size 1024K, 3 young (3072K), 3 survivors (3072K)
 Metaspace       used 119156K, capacity 124676K, committed 124984K, reserved 624640K
  class space    used 15401K, capacity 17403K, committed 17484K, reserved 516096K
}
Event: 201.015 GC heap before
{Heap before GC invocations=76 (full 0):
 garbage-first heap   total 227328K, used 198632K [0x0000000080000000, 0x0000000100000000)
  region size 1024K, 21 young (21504K), 3 survivors (3072K)
 Metaspace       used 119510K, capacity 124971K, committed 125240K, reserved 624640K
  class space    used 15436K, capacity 17437K, committed 17484K, reserved 516096K
}
Event: 201.019 GC heap after
{Heap after GC invocations=77 (full 0):
 garbage-first heap   total 227328K, used 182449K [0x0000000080000000, 0x0000000100000000)
  region size 1024K, 3 young (3072K), 3 survivors (3072K)
 Metaspace       used 119510K, capacity 124971K, committed 125240K, reserved 624640K
  class space    used 15436K, capacity 17437K, committed 17484K, reserved 516096K
}
Event: 202.709 GC heap before
{Heap before GC invocations=77 (full 0):
 garbage-first heap   total 227328K, used 198833K [0x0000000080000000, 0x0000000100000000)
  region size 1024K, 20 young (20480K), 3 survivors (3072K)
 Metaspace       used 119691K, capacity 125099K, committed 125240K, reserved 624640K
  class space    used 15436K, capacity 17437K, committed 17484K, reserved 516096K
}
Event: 202.720 GC heap after
{Heap after GC invocations=78 (full 0):
 garbage-first heap   total 227328K, used 183407K [0x0000000080000000, 0x0000000100000000)
  region size 1024K, 3 young (3072K), 3 survivors (3072K)
 Metaspace       used 119691K, capacity 125099K, committed 125240K, reserved 624640K
  class space    used 15436K, capacity 17437K, committed 17484K, reserved 516096K
}
Event: 205.684 GC heap before
{Heap before GC invocations=78 (full 0):
 garbage-first heap   total 227328K, used 199791K [0x0000000080000000, 0x0000000100000000)
  region size 1024K, 19 young (19456K), 3 survivors (3072K)
 Metaspace       used 119808K, capacity 125227K, committed 125496K, reserved 624640K
  class space    used 15436K, capacity 17437K, committed 17484K, reserved 516096K
}
Event: 205.688 GC heap after
{Heap after GC invocations=79 (full 0):
 garbage-first heap   total 227328K, used 185618K [0x0000000080000000, 0x0000000100000000)
  region size 1024K, 3 young (3072K), 3 survivors (3072K)
 Metaspace       used 119808K, capacity 125227K, committed 125496K, reserved 624640K
  class space    used 15436K, capacity 17437K, committed 17484K, reserved 516096K
}
Event: 207.608 GC heap before
{Heap before GC invocations=79 (full 0):
 garbage-first heap   total 227328K, used 197906K [0x0000000080000000, 0x0000000100000000)
  region size 1024K, 16 young (16384K), 3 survivors (3072K)
 Metaspace       used 119844K, capacity 125291K, committed 125496K, reserved 624640K
  class space    used 15436K, capacity 17437K, committed 17484K, reserved 516096K
}
Event: 207.612 GC heap after
{Heap after GC invocations=80 (full 0):
 garbage-first heap   total 227328K, used 189398K [0x0000000080000000, 0x0000000100000000)
  region size 1024K, 2 young (2048K), 2 survivors (2048K)
 Metaspace       used 119844K, capacity 125291K, committed 125496K, reserved 624640K
  class space    used 15436K, capacity 17437K, committed 17484K, reserved 516096K
}
Event: 208.611 GC heap before
{Heap before GC invocations=80 (full 0):
 garbage-first heap   total 227328K, used 198614K [0x0000000080000000, 0x0000000100000000)
  region size 1024K, 11 young (11264K), 2 survivors (2048K)
 Metaspace       used 119871K, capacity 125291K, committed 125496K, reserved 624640K
  class space    used 15436K, capacity 17437K, committed 17484K, reserved 516096K
}

