# JRE version: OpenJDK Runtime Environment 18.9 (11.0.16+8) (build 11.0.16+8)
# Java VM: OpenJDK 64-Bit Server VM 18.9 (11.0.16+8, mixed mode, tiered, compressed oops, g1 gc, windows-amd64)
Heap:
 garbage-first heap   total 131072K, used 89985K [0x0000000080000000, 0x0000000100000000)
  region size 1024K, 64 young (65536K), 6 survivors (6144K)
 Metaspace       used 48637K, capacity 49883K, committed 50128K, reserved 561152K
  class space    used 6242K, capacity 6774K, committed 6784K, reserved 516096K
GC Heap History (19 events):
Event: 0.427 GC heap before
{Heap before GC invocations=0 (full 0):
 garbage-first heap   total 131072K, used 16384K [0x0000000080000000, 0x0000000100000000)
  region size 1024K, 14 young (14336K), 0 survivors (0K)
 Metaspace       used 6768K, capacity 6993K, committed 7168K, reserved 524288K
  class space    used 573K, capacity 650K, committed 768K, reserved 516096K
}
Event: 0.431 GC heap after
{Heap after GC invocations=1 (full 0):
 garbage-first heap   total 131072K, used 3753K [0x0000000080000000, 0x0000000100000000)
  region size 1024K, 2 young (2048K), 2 survivors (2048K)
 Metaspace       used 6768K, capacity 6993K, committed 7168K, reserved 524288K
  class space    used 573K, capacity 650K, committed 768K, reserved 516096K
}
Event: 5.240 GC heap before
{Heap before GC invocations=1 (full 0):
 garbage-first heap   total 131072K, used 82601K [0x0000000080000000, 0x0000000100000000)
  region size 1024K, 76 young (77824K), 2 survivors (2048K)
 Metaspace       used 17463K, capacity 17915K, committed 18048K, reserved 532480K
  class space    used 2011K, capacity 2148K, committed 2176K, reserved 516096K
}
Event: 5.248 GC heap after
{Heap after GC invocations=2 (full 0):
 garbage-first heap   total 131072K, used 16279K [0x0000000080000000, 0x0000000100000000)
  region size 1024K, 10 young (10240K), 10 survivors (10240K)
 Metaspace       used 17463K, capacity 17915K, committed 18048K, reserved 532480K
  class space    used 2011K, capacity 2148K, committed 2176K, reserved 516096K
}
Event: 5.353 GC heap before
{Heap before GC invocations=2 (full 0):
 garbage-first heap   total 131072K, used 18327K [0x0000000080000000, 0x0000000100000000)
  region size 1024K, 12 young (12288K), 10 survivors (10240K)
 Metaspace       used 17559K, capacity 18043K, committed 18304K, reserved 532480K
  class space    used 2028K, capacity 2148K, committed 2176K, reserved 516096K
}
Event: 5.358 GC heap after
{Heap after GC invocations=3 (full 0):
 garbage-first heap   total 131072K, used 16846K [0x0000000080000000, 0x0000000100000000)
  region size 1024K, 1 young (1024K), 1 survivors (1024K)
 Metaspace       used 17559K, capacity 18043K, committed 18304K, reserved 532480K
  class space    used 2028K, capacity 2148K, committed 2176K, reserved 516096K
}
Event: 6.697 GC heap before
{Heap before GC invocations=3 (full 0):
 garbage-first heap   total 131072K, used 41422K [0x0000000080000000, 0x0000000100000000)
  region size 1024K, 26 young (26624K), 1 survivors (1024K)
 Metaspace       used 20626K, capacity 21136K, committed 21296K, reserved 536576K
  class space    used 2471K, capacity 2630K, committed 2688K, reserved 516096K
}
Event: 6.700 GC heap after
{Heap after GC invocations=4 (full 0):
 garbage-first heap   total 131072K, used 17200K [0x0000000080000000, 0x0000000100000000)
  region size 1024K, 2 young (2048K), 2 survivors (2048K)
 Metaspace       used 20626K, capacity 21136K, committed 21296K, reserved 536576K
  class space    used 2471K, capacity 2630K, committed 2688K, reserved 516096K
}
Event: 8.563 GC heap before
{Heap before GC invocations=5 (full 0):
 garbage-first heap   total 131072K, used 62256K [0x0000000080000000, 0x0000000100000000)
  region size 1024K, 46 young (47104K), 2 survivors (2048K)
 Metaspace       used 25223K, capacity 25850K, committed 25904K, reserved 538624K
  class space    used 3216K, capacity 3419K, committed 3456K, reserved 516096K
}
Event: 8.571 GC heap after
{Heap after GC invocations=6 (full 0):
 garbage-first heap   total 131072K, used 18916K [0x0000000080000000, 0x0000000100000000)
  region size 1024K, 3 young (3072K), 3 survivors (3072K)
 Metaspace       used 25223K, capacity 25850K, committed 25904K, reserved 538624K
  class space    used 3216K, capacity 3419K, committed 3456K, reserved 516096K
}
Event: 9.811 GC heap before
{Heap before GC invocations=6 (full 0):
 garbage-first heap   total 131072K, used 73188K [0x0000000080000000, 0x0000000100000000)
  region size 1024K, 56 young (57344K), 3 survivors (3072K)
 Metaspace       used 30400K, capacity 31228K, committed 31408K, reserved 544768K
  class space    used 4025K, capacity 4324K, committed 4352K, reserved 516096K
}
Event: 9.815 GC heap after
{Heap after GC invocations=7 (full 0):
 garbage-first heap   total 131072K, used 20590K [0x0000000080000000, 0x0000000100000000)
  region size 1024K, 5 young (5120K), 5 survivors (5120K)
 Metaspace       used 30400K, capacity 31228K, committed 31408K, reserved 544768K
  class space    used 4025K, capacity 4324K, committed 4352K, reserved 516096K
}
Event: 10.525 GC heap before
{Heap before GC invocations=7 (full 0):
 garbage-first heap   total 131072K, used 36974K [0x0000000080000000, 0x0000000100000000)
  region size 1024K, 22 young (22528K), 5 survivors (5120K)
 Metaspace       used 35025K, capacity 35788K, committed 35920K, reserved 548864K
  class space    used 4482K, capacity 4824K, committed 4864K, reserved 516096K
}
Event: 10.531 GC heap after
{Heap after GC invocations=8 (full 0):
 garbage-first heap   total 131072K, used 22589K [0x0000000080000000, 0x0000000100000000)
  region size 1024K, 6 young (6144K), 6 survivors (6144K)
 Metaspace       used 35025K, capacity 35788K, committed 35920K, reserved 548864K
  class space    used 4482K, capacity 4824K, committed 4864K, reserved 516096K
}
Event: 12.291 GC heap before
{Heap before GC invocations=9 (full 0):
 garbage-first heap   total 131072K, used 83005K [0x0000000080000000, 0x0000000100000000)
  region size 1024K, 63 young (64512K), 6 survivors (6144K)
 Metaspace       used 40081K, capacity 41036K, committed 41168K, reserved 552960K
  class space    used 5034K, capacity 5438K, committed 5504K, reserved 516096K
}
Event: 12.300 GC heap after
{Heap after GC invocations=10 (full 0):
 garbage-first heap   total 131072K, used 27589K [0x0000000080000000, 0x0000000100000000)
  region size 1024K, 8 young (8192K), 8 survivors (8192K)
 Metaspace       used 40081K, capacity 41036K, committed 41168K, reserved 552960K
  class space    used 5034K, capacity 5438K, committed 5504K, reserved 516096K
}
Event: 38.592 GC heap before
{Heap before GC invocations=10 (full 0):
 garbage-first heap   total 131072K, used 88005K [0x0000000080000000, 0x0000000100000000)
  region size 1024K, 66 young (67584K), 8 survivors (8192K)
 Metaspace       used 44089K, capacity 45289K, committed 45520K, reserved 557056K
  class space    used 5542K, capacity 6013K, committed 6016K, reserved 516096K
}
Event: 38.601 GC heap after
{Heap after GC invocations=11 (full 0):
 garbage-first heap   total 131072K, used 30593K [0x0000000080000000, 0x0000000100000000)
  region size 1024K, 8 young (8192K), 8 survivors (8192K)
 Metaspace       used 44089K, capacity 45289K, committed 45520K, reserved 557056K
  class space    used 5542K, capacity 6013K, committed 6016K, reserved 516096K
}
Event: 40.023 GC heap before
{Heap before GC invocations=11 (full 0):
 garbage-first heap   total 131072K, used 89985K [0x0000000080000000, 0x0000000100000000)
  region size 1024K, 66 young (67584K), 8 survivors (8192K)
 Metaspace       used 48637K, capacity 49883K, committed 50128K, reserved 561152K
  class space    used 6242K, capacity 6774K, committed 6784K, reserved 516096K
}

